{"target": -0.9015677938503017, "params": {"cnw": 0.5, "csep": 1.75}, "datetime": {"datetime": "2023-11-03 19:13:03", "elapsed": 0.0, "delta": 0.0}}
{"target": -0.9907523041838056, "params": {"cnw": -1.9972317218780518, "csep": 0.7748493392020463}, "datetime": {"datetime": "2023-11-03 19:43:56", "elapsed": 0.0, "delta": 0.0}}
{"target": -1.0720270096127626, "params": {"cnw": 1.1010334454476833, "csep": 1.5619207356125115}, "datetime": {"datetime": "2023-11-03 20:15:56", "elapsed": 0.0, "delta": 0.0}}
{"target": -1.341668267157877, "params": {"cnw": -0.0648641586303711, "csep": 2.3064994452521206}, "datetime": {"datetime": "2023-11-03 20:48:57", "elapsed": 0.0, "delta": 0.0}}
{"target": -1.5434215602026127, "params": {"cnw": 1.527323555201292, "csep": 2.154241922684014}, "datetime": {"datetime": "2023-11-03 21:21:15", "elapsed": 0.0, "delta": 0.0}}
{"target": -1.010210483332805, "params": {"cnw": -0.5614176541566849, "csep": 1.2641508124768732}, "datetime": {"datetime": "2023-11-03 21:52:08", "elapsed": 0.0, "delta": 0.0}}
{"target": -0.46186229773091847, "params": {"cnw": 0.41087062284350395, "csep": 0.9253475405275822}, "datetime": {"datetime": "2023-11-03 22:23:25", "elapsed": 0.0, "delta": 0.0}}
{"target": -1.935174289021228, "params": {"cnw": -1.3766086846590042, "csep": 2.042197214253247}, "datetime": {"datetime": "2023-11-03 22:55:45", "elapsed": 0.0, "delta": 0.0}}
{"target": -1.3743216107174976, "params": {"cnw": 1.4340030401945114, "csep": 1.8322507787495852}, "datetime": {"datetime": "2023-11-03 23:27:46", "elapsed": 0.0, "delta": 0.0}}
{"target": -0.8461786683785931, "params": {"cnw": -0.3998631723225117, "csep": 1.1493598891422152}, "datetime": {"datetime": "2023-11-03 23:58:42", "elapsed": 0.0, "delta": 0.0}}
{"target": -0.6512300368533404, "params": {"cnw": 0.5030926913022995, "csep": 1.2614026932045816}, "datetime": {"datetime": "2023-11-04 00:29:43", "elapsed": 0.0, "delta": 0.0}}
{"target": -0.3930252907297976, "params": {"cnw": 0.1695848187975982, "csep": 0.7}, "datetime": {"datetime": "2023-11-04 01:00:53", "elapsed": 0.0, "delta": 0.0}}
{"target": -0.3570769389521826, "params": {"cnw": 0.6428185176263593, "csep": 0.7}, "datetime": {"datetime": "2023-11-04 01:31:39", "elapsed": 0.0, "delta": 0.0}}
{"target": -0.37032295202299026, "params": {"cnw": 0.46147292353602476, "csep": 0.7}, "datetime": {"datetime": "2023-11-04 02:02:33", "elapsed": 0.0, "delta": 0.0}}
{"target": -0.29206853106474134, "params": {"cnw": 2.0, "csep": 0.7}, "datetime": {"datetime": "2023-11-04 02:33:35", "elapsed": 0.0, "delta": 0.0}}
{"target": -0.301045862313859, "params": {"cnw": 1.5111418686266243, "csep": 0.7}, "datetime": {"datetime": "2023-11-04 03:04:30", "elapsed": 0.0, "delta": 0.0}}
{"target": -0.28809317218955965, "params": {"cnw": 1.7883650532587847, "csep": 0.7}, "datetime": {"datetime": "2023-11-04 03:35:17", "elapsed": 0.0, "delta": 0.0}}
{"target": -0.2898745889716157, "params": {"cnw": 1.8833803834368572, "csep": 0.7}, "datetime": {"datetime": "2023-11-04 04:06:30", "elapsed": 0.0, "delta": 0.0}}
{"target": -0.2898557567386201, "params": {"cnw": 1.7057911807465171, "csep": 0.7}, "datetime": {"datetime": "2023-11-04 04:37:36", "elapsed": 0.0, "delta": 0.0}}
{"target": -0.2881265275170773, "params": {"cnw": 1.7901424016365404, "csep": 0.7}, "datetime": {"datetime": "2023-11-04 05:08:22", "elapsed": 0.0, "delta": 0.0}}
{"target": -0.2881196758379596, "params": {"cnw": 1.78977712347106, "csep": 0.7}, "datetime": {"datetime": "2023-11-04 05:39:12", "elapsed": 0.0, "delta": 0.0}}
{"target": -0.28811399941381394, "params": {"cnw": 1.7894724035735183, "csep": 0.7}, "datetime": {"datetime": "2023-11-04 06:10:07", "elapsed": 0.0, "delta": 0.0}}
{"target": -0.28810885223075694, "params": {"cnw": 1.7891991335683537, "csep": 0.7}, "datetime": {"datetime": "2023-11-04 06:41:05", "elapsed": 0.0, "delta": 0.0}}
{"target": -0.28810447274492157, "params": {"cnw": 1.788966781448824, "csep": 0.7}, "datetime": {"datetime": "2023-11-04 07:11:57", "elapsed": 0.0, "delta": 0.0}}
{"target": -0.2880983455156741, "params": {"cnw": 1.7886407467055938, "csep": 0.7}, "datetime": {"datetime": "2023-11-04 07:43:03", "elapsed": 0.0, "delta": 0.0}}
{"target": -0.28808845466412786, "params": {"cnw": 1.7881109279692144, "csep": 0.7}, "datetime": {"datetime": "2023-11-04 08:14:12", "elapsed": 0.0, "delta": 0.0}}
{"target": -0.2881875490565569, "params": {"cnw": 1.7933890141284463, "csep": 0.7}, "datetime": {"datetime": "2023-11-04 08:44:49", "elapsed": 0.0, "delta": 0.0}}
{"target": -0.2879047261658996, "params": {"cnw": 1.7783281676603775, "csep": 0.7}, "datetime": {"datetime": "2023-11-04 09:15:24", "elapsed": 0.0, "delta": 0.0}}
{"target": -0.2878791470564864, "params": {"cnw": 1.776964843050601, "csep": 0.7}, "datetime": {"datetime": "2023-11-04 09:46:03", "elapsed": 0.0, "delta": 0.0}}
{"target": -0.2878530175310052, "params": {"cnw": 1.7755735098687289, "csep": 0.7}, "datetime": {"datetime": "2023-11-04 10:16:23", "elapsed": 0.0, "delta": 0.0}}
