{"target": -6.790276934434617e-06, "params": {"a1": 0.31}, "datetime": {"datetime": "2022-05-31 20:02:07", "elapsed": 0.0, "delta": 0.0}}
{"target": -1.9150669816223427e-06, "params": {"a1": 0.5}, "datetime": {"datetime": "2022-05-31 20:02:46", "elapsed": 38.751396, "delta": 38.751396}}
{"target": -1.915067461050295e-06, "params": {"a1": 0.49998212134481207}, "datetime": {"datetime": "2022-05-31 20:03:24", "elapsed": 76.847507, "delta": 38.096111}}
{"target": -1.933769764655924e-06, "params": {"a1": 0.4340547881246567}, "datetime": {"datetime": "2022-05-31 20:04:03", "elapsed": 115.654947, "delta": 38.80744}}
{"target": -3.84890101846269e-05, "params": {"a1": 0.2}, "datetime": {"datetime": "2022-05-31 20:04:45", "elapsed": 157.668213, "delta": 42.013266}}
{"target": -2.176581246055317e-06, "params": {"a1": 0.3715420479908909}, "datetime": {"datetime": "2022-05-31 20:05:23", "elapsed": 195.770291, "delta": 38.102078}}
{"target": 1.014124123213e-05, "params": {"a1": 0.4713960685771445}, "datetime": {"datetime": "2022-06-01 20:42:48", "elapsed": 0.0, "delta": 0.0}}
{"target": 1.014124123213e-05, "params": {"a1": 0.6418781048692557}, "datetime": {"datetime": "2022-06-01 20:45:01", "elapsed": 0.0, "delta": 0.0}}
{"target": 1.014124123213e-05, "params": {"a1": 0.6897838760500079}, "datetime": {"datetime": "2022-06-01 20:45:02", "elapsed": 0.0, "delta": 0.0}}
{"target": 1.014124123213e-05, "params": {"a1": 0.28723835383845625}, "datetime": {"datetime": "2022-06-01 20:45:03", "elapsed": 0.0, "delta": 0.0}}
{"target": 1.014124123213e-05, "params": {"a1": 0.6922899976981298}, "datetime": {"datetime": "2022-06-01 20:45:22", "elapsed": 0.0, "delta": 0.0}}
{"target": 1.014124123213e-05, "params": {"a1": 0.49247101557012307}, "datetime": {"datetime": "2022-06-01 20:45:30", "elapsed": 0.0, "delta": 0.0}}
{"target": 100.0, "params": {"a1": 0.412722557582128}, "datetime": {"datetime": "2022-06-01 20:45:35", "elapsed": 0.0, "delta": 0.0}}
{"target": 5.0, "params": {"a1": 0.333802529548672}, "datetime": {"datetime": "2022-06-01 20:47:25", "elapsed": 0.0, "delta": 0.0}}
{"target": 5.0, "params": {"a1": 0.4057754978787384}, "datetime": {"datetime": "2022-06-02 09:00:00", "elapsed": 0.0, "delta": 0.0}}
