{"target": -6.790276934434617e-06, "params": {"a1": 0.31}, "datetime": {"datetime": "2022-05-31 20:02:07", "elapsed": 0.0, "delta": 0.0}}
{"target": -1.9150669816223427e-06, "params": {"a1": 0.5}, "datetime": {"datetime": "2022-05-31 20:02:46", "elapsed": 38.751396, "delta": 38.751396}}
{"target": -1.915067461050295e-06, "params": {"a1": 0.49998212134481207}, "datetime": {"datetime": "2022-05-31 20:03:24", "elapsed": 76.847507, "delta": 38.096111}}
{"target": -1.933769764655924e-06, "params": {"a1": 0.4340547881246567}, "datetime": {"datetime": "2022-05-31 20:04:03", "elapsed": 115.654947, "delta": 38.80744}}
{"target": -3.84890101846269e-05, "params": {"a1": 0.2}, "datetime": {"datetime": "2022-05-31 20:04:45", "elapsed": 157.668213, "delta": 42.013266}}
{"target": -2.176581246055317e-06, "params": {"a1": 0.3715420479908909}, "datetime": {"datetime": "2022-05-31 20:05:23", "elapsed": 195.770291, "delta": 38.102078}}
